INFO:src.controllers.api:Blueprints added to the application
INFO:werkzeug: * Running on all addresses (0.0.0.0)
   WARNING: This is a development server. Do not use it in a production deployment.
 * Running on http://127.0.0.1:7554
 * Running on http://192.168.0.235:7554 (Press CTRL+C to quit)
INFO:werkzeug: * Restarting with stat
INFO:src.controllers.api:Blueprints added to the application
INFO:src.controllers.api:Blueprints added to the application
INFO:werkzeug: * Running on all addresses (0.0.0.0)
   WARNING: This is a development server. Do not use it in a production deployment.
 * Running on http://127.0.0.1:7554
 * Running on http://192.168.0.235:7554 (Press CTRL+C to quit)
INFO:werkzeug: * Restarting with stat
INFO:src.controllers.api:Blueprints added to the application
INFO:src.controllers.api:Blueprints added to the application
INFO:werkzeug: * Running on all addresses (0.0.0.0)
   WARNING: This is a development server. Do not use it in a production deployment.
 * Running on http://127.0.0.1:7554
 * Running on http://192.168.0.235:7554 (Press CTRL+C to quit)
INFO:werkzeug: * Restarting with stat
INFO:src.controllers.api:Blueprints added to the application
INFO:src.controllers.api:Blueprints added to the application
INFO:werkzeug: * Running on http://127.0.0.1:5000 (Press CTRL+C to quit)
INFO:werkzeug: * Restarting with stat
INFO:src.controllers.api:Blueprints added to the application
WARNING:werkzeug: * Debugger is active!
INFO:werkzeug: * Debugger PIN: 106-111-048
INFO:src.controllers.api:Blueprints added to the application
INFO:werkzeug: * Running on http://127.0.0.1:7554 (Press CTRL+C to quit)
INFO:werkzeug: * Restarting with stat
INFO:src.controllers.api:Blueprints added to the application
INFO:werkzeug:127.0.0.1 - - [10/Apr/2023 18:38:55] "[33mPOST / HTTP/1.1[0m" 404 -
INFO:werkzeug: * Detected change in 'd:\\PythonProjects\\Flask\\Normal\\MoviesProject\\src\\hollywood\\horrormovies\\horrorlist.py', reloading
INFO:werkzeug: * Restarting with stat
INFO:src.controllers.api:Blueprints added to the application
INFO:werkzeug: * Detected change in 'd:\\PythonProjects\\Flask\\Normal\\MoviesProject\\src\\hollywood\\horrormovies\\horrorlist.py', reloading
INFO:werkzeug: * Restarting with stat
INFO:src.controllers.api:Blueprints added to the application
INFO:werkzeug: * Detected change in 'd:\\PythonProjects\\Flask\\Normal\\MoviesProject\\src\\hollywood\\horrormovies\\horrorlist.py', reloading
INFO:werkzeug: * Restarting with stat
INFO:src.controllers.api:Blueprints added to the application
INFO:werkzeug: * Detected change in 'd:\\PythonProjects\\Flask\\Normal\\MoviesProject\\src\\hollywood\\horrormovies\\horrorlist.py', reloading
INFO:werkzeug: * Restarting with stat
INFO:src.controllers.api:Blueprints added to the application
INFO:werkzeug: * Detected change in 'd:\\PythonProjects\\Flask\\Normal\\MoviesProject\\src\\controllers\\api.py', reloading
INFO:werkzeug: * Restarting with stat
INFO:src.controllers.api:Blueprints added to the application
INFO:werkzeug: * Detected change in 'd:\\PythonProjects\\Flask\\Normal\\MoviesProject\\src\\controllers\\api.py', reloading
INFO:werkzeug: * Restarting with stat
INFO:src.controllers.api:Blueprints added to the application
INFO:werkzeug: * Detected change in 'd:\\PythonProjects\\Flask\\Normal\\MoviesProject\\src\\controllers\\api.py', reloading
INFO:werkzeug: * Restarting with stat
INFO:src.controllers.api:Blueprints added to the application
INFO:src.controllers.api:Blueprints added to the application
INFO:werkzeug: * Running on http://127.0.0.1:7554 (Press CTRL+C to quit)
INFO:werkzeug: * Restarting with stat
INFO:src.controllers.api:Blueprints added to the application
INFO:werkzeug:127.0.0.1 - - [10/Apr/2023 18:50:58] "GET /list HTTP/1.1" 200 -
INFO:werkzeug:127.0.0.1 - - [10/Apr/2023 18:54:15] "GET /list HTTP/1.1" 200 -
INFO:werkzeug:127.0.0.1 - - [10/Apr/2023 18:54:15] "[33mGET /favicon.ico HTTP/1.1[0m" 404 -
INFO:src.controllers.api:Blueprints added to the application
INFO:werkzeug: * Running on http://127.0.0.1:7554 (Press CTRL+C to quit)
INFO:werkzeug: * Restarting with stat
INFO:src.controllers.api:Blueprints added to the application
INFO:src.controllers.api:Blueprints added to the application
INFO:werkzeug: * Running on http://127.0.0.1:7554 (Press CTRL+C to quit)
INFO:werkzeug: * Restarting with stat
INFO:src.controllers.api:Blueprints added to the application
INFO:werkzeug:127.0.0.1 - - [13/May/2023 20:51:16] "[33mGET /user/data HTTP/1.1[0m" 404 -
INFO:werkzeug:127.0.0.1 - - [13/May/2023 20:51:17] "[33mGET /favicon.ico HTTP/1.1[0m" 404 -
INFO:werkzeug:127.0.0.1 - - [13/May/2023 20:51:21] "[33mGET / HTTP/1.1[0m" 404 -
INFO:werkzeug:127.0.0.1 - - [13/May/2023 20:52:14] "GET /list HTTP/1.1" 200 -
INFO:src.controllers.api:Blueprints added to the application
INFO:werkzeug: * Running on http://127.0.0.1:7554 (Press CTRL+C to quit)
INFO:werkzeug: * Restarting with stat
INFO:src.controllers.api:Blueprints added to the application
INFO:werkzeug:127.0.0.1 - - [15/May/2023 17:26:23] "GET /list HTTP/1.1" 200 -
INFO:werkzeug:127.0.0.1 - - [15/May/2023 17:26:23] "[33mGET /favicon.ico HTTP/1.1[0m" 404 -
INFO:werkzeug: * Detected change in 'D:\\PythonProjects\\Flask\\Normal\\MoviesProject\\src\\hollywood\\horrormovies\\horrorlist.py', reloading
INFO:werkzeug: * Restarting with stat
INFO:src.controllers.api:Blueprints added to the application
INFO:werkzeug: * Detected change in 'D:\\PythonProjects\\Flask\\Normal\\MoviesProject\\src\\hollywood\\horrormovies\\horrorlist.py', reloading
INFO:werkzeug: * Restarting with stat
INFO:src.controllers.api:Blueprints added to the application
INFO:werkzeug:127.0.0.1 - - [15/May/2023 17:28:10] "GET /list HTTP/1.1" 200 -
INFO:werkzeug: * Detected change in 'D:\\PythonProjects\\Flask\\Normal\\MoviesProject\\src\\hollywood\\horrormovies\\horrorlist.py', reloading
INFO:werkzeug: * Restarting with stat
INFO:src.controllers.api:Blueprints added to the application
INFO:werkzeug: * Detected change in 'D:\\PythonProjects\\Flask\\Normal\\MoviesProject\\src\\hollywood\\horrormovies\\horrorlist.py', reloading
INFO:werkzeug: * Restarting with stat
INFO:src.controllers.api:Blueprints added to the application
INFO:werkzeug:127.0.0.1 - - [15/May/2023 17:28:24] "GET /list HTTP/1.1" 200 -
INFO:werkzeug: * Detected change in 'D:\\PythonProjects\\Flask\\Normal\\MoviesProject\\src\\hollywood\\horrormovies\\horrorlist.py', reloading
INFO:werkzeug: * Restarting with stat
INFO:src.controllers.api:Blueprints added to the application
INFO:werkzeug:127.0.0.1 - - [15/May/2023 17:28:36] "GET /list HTTP/1.1" 200 -
INFO:werkzeug: * Detected change in 'D:\\PythonProjects\\Flask\\Normal\\MoviesProject\\src\\hollywood\\horrormovies\\horrorlist.py', reloading
INFO:werkzeug: * Restarting with stat
INFO:src.controllers.api:Blueprints added to the application
INFO:werkzeug: * Detected change in 'D:\\PythonProjects\\Flask\\Normal\\MoviesProject\\src\\hollywood\\horrormovies\\horrorlist.py', reloading
INFO:werkzeug: * Restarting with stat
INFO:src.controllers.api:Blueprints added to the application
INFO:werkzeug:127.0.0.1 - - [15/May/2023 17:28:52] "GET /list HTTP/1.1" 200 -
INFO:werkzeug: * Detected change in 'D:\\PythonProjects\\Flask\\Normal\\MoviesProject\\src\\hollywood\\horrormovies\\horrorlist.py', reloading
INFO:werkzeug: * Restarting with stat
INFO:src.controllers.api:Blueprints added to the application
INFO:werkzeug: * Detected change in 'D:\\PythonProjects\\Flask\\Normal\\MoviesProject\\src\\hollywood\\horrormovies\\horrorlist.py', reloading
INFO:werkzeug: * Restarting with stat
INFO:src.controllers.api:Blueprints added to the application
INFO:werkzeug:127.0.0.1 - - [15/May/2023 17:29:22] "GET /list HTTP/1.1" 200 -
INFO:werkzeug: * Detected change in 'D:\\PythonProjects\\Flask\\Normal\\MoviesProject\\src\\hollywood\\horrormovies\\horrorlist.py', reloading
INFO:werkzeug: * Restarting with stat
INFO:src.controllers.api:Blueprints added to the application
ERROR:src.controllers.api:Exception on /list [GET]
Traceback (most recent call last):
  File "C:\Users\ravip\AppData\Local\Programs\Python\Python310\lib\site-packages\flask\app.py", line 2077, in wsgi_app
    response = self.full_dispatch_request()
  File "C:\Users\ravip\AppData\Local\Programs\Python\Python310\lib\site-packages\flask\app.py", line 1525, in full_dispatch_request
    rv = self.handle_user_exception(e)
  File "C:\Users\ravip\AppData\Local\Programs\Python\Python310\lib\site-packages\flask\app.py", line 1523, in full_dispatch_request
    rv = self.dispatch_request()
  File "C:\Users\ravip\AppData\Local\Programs\Python\Python310\lib\site-packages\flask\app.py", line 1509, in dispatch_request
    return self.ensure_sync(self.view_functions[rule.endpoint])(**req.view_args)
  File "D:\PythonProjects\Flask\Normal\MoviesProject\src\hollywood\horrormovies\horrorlist.py", line 11, in get_horror_movies
    print(StatisticsService.get_all_statistics())
TypeError: StatisticsService.get_all_statistics() missing 1 required positional argument: 'self'
INFO:werkzeug:127.0.0.1 - - [15/May/2023 17:29:31] "[35m[1mGET /list HTTP/1.1[0m" 500 -
INFO:src.controllers.api:Blueprints added to the application
INFO:werkzeug: * Running on http://127.0.0.1:7554 (Press CTRL+C to quit)
INFO:werkzeug: * Restarting with stat
INFO:src.controllers.api:Blueprints added to the application
ERROR:src.controllers.api:Exception on /list [GET]
Traceback (most recent call last):
  File "C:\Users\ravip\AppData\Local\Programs\Python\Python310\lib\site-packages\flask\app.py", line 2077, in wsgi_app
    response = self.full_dispatch_request()
  File "C:\Users\ravip\AppData\Local\Programs\Python\Python310\lib\site-packages\flask\app.py", line 1525, in full_dispatch_request
    rv = self.handle_user_exception(e)
  File "C:\Users\ravip\AppData\Local\Programs\Python\Python310\lib\site-packages\flask\app.py", line 1523, in full_dispatch_request
    rv = self.dispatch_request()
  File "C:\Users\ravip\AppData\Local\Programs\Python\Python310\lib\site-packages\flask\app.py", line 1509, in dispatch_request
    return self.ensure_sync(self.view_functions[rule.endpoint])(**req.view_args)
  File "D:\PythonProjects\Flask\Normal\MoviesProject\src\hollywood\horrormovies\horrorlist.py", line 11, in get_horror_movies
    print(StatisticsService.get_all_statistics())
TypeError: StatisticsService.get_all_statistics() missing 1 required positional argument: 'self'
INFO:werkzeug:127.0.0.1 - - [15/May/2023 17:29:50] "[35m[1mGET /list HTTP/1.1[0m" 500 -
INFO:werkzeug: * Detected change in 'D:\\PythonProjects\\Flask\\Normal\\MoviesProject\\src\\hollywood\\horrormovies\\repos\\horror_repo.py', reloading
INFO:werkzeug: * Restarting with stat
INFO:src.controllers.api:Blueprints added to the application
INFO:werkzeug: * Detected change in 'D:\\PythonProjects\\Flask\\Normal\\MoviesProject\\src\\hollywood\\horrormovies\\model\\statistic_model.py', reloading
INFO:werkzeug: * Restarting with stat
INFO:src.controllers.api:Blueprints added to the application
INFO:werkzeug: * Detected change in 'D:\\PythonProjects\\Flask\\Normal\\MoviesProject\\src\\hollywood\\horrormovies\\model\\statistic_model.py', reloading
INFO:werkzeug: * Restarting with stat
INFO:src.controllers.api:Blueprints added to the application
INFO:werkzeug: * Detected change in 'D:\\PythonProjects\\Flask\\Normal\\MoviesProject\\src\\hollywood\\horrormovies\\model\\statistics_model.py', reloading
INFO:werkzeug: * Restarting with stat
INFO:src.controllers.api:Blueprints added to the application
INFO:werkzeug: * Detected change in 'D:\\PythonProjects\\Flask\\Normal\\MoviesProject\\src\\hollywood\\horrormovies\\repos\\horror_repo.py', reloading
INFO:werkzeug: * Restarting with stat
INFO:src.controllers.api:Blueprints added to the application
INFO:src.controllers.api:Blueprints added to the application
INFO:werkzeug: * Running on http://127.0.0.1:7554 (Press CTRL+C to quit)
INFO:werkzeug: * Restarting with stat
INFO:src.controllers.api:Blueprints added to the application
ERROR:src.controllers.api:Exception on /list [GET]
Traceback (most recent call last):
  File "C:\Users\ravip\AppData\Local\Programs\Python\Python310\lib\site-packages\flask\app.py", line 2077, in wsgi_app
    response = self.full_dispatch_request()
  File "C:\Users\ravip\AppData\Local\Programs\Python\Python310\lib\site-packages\flask\app.py", line 1525, in full_dispatch_request
    rv = self.handle_user_exception(e)
  File "C:\Users\ravip\AppData\Local\Programs\Python\Python310\lib\site-packages\flask\app.py", line 1523, in full_dispatch_request
    rv = self.dispatch_request()
  File "C:\Users\ravip\AppData\Local\Programs\Python\Python310\lib\site-packages\flask\app.py", line 1509, in dispatch_request
    return self.ensure_sync(self.view_functions[rule.endpoint])(**req.view_args)
  File "D:\PythonProjects\Flask\Normal\MoviesProject\src\hollywood\horrormovies\horrorlist.py", line 11, in get_horror_movies
    print(StatisticsService.get_all_statistics())
TypeError: StatisticsService.get_all_statistics() missing 1 required positional argument: 'self'
INFO:werkzeug:127.0.0.1 - - [15/May/2023 17:35:05] "[35m[1mGET /list HTTP/1.1[0m" 500 -
ERROR:src.controllers.api:Exception on /list [GET]
Traceback (most recent call last):
  File "C:\Users\ravip\AppData\Local\Programs\Python\Python310\lib\site-packages\flask\app.py", line 2077, in wsgi_app
    response = self.full_dispatch_request()
  File "C:\Users\ravip\AppData\Local\Programs\Python\Python310\lib\site-packages\flask\app.py", line 1525, in full_dispatch_request
    rv = self.handle_user_exception(e)
  File "C:\Users\ravip\AppData\Local\Programs\Python\Python310\lib\site-packages\flask\app.py", line 1523, in full_dispatch_request
    rv = self.dispatch_request()
  File "C:\Users\ravip\AppData\Local\Programs\Python\Python310\lib\site-packages\flask\app.py", line 1509, in dispatch_request
    return self.ensure_sync(self.view_functions[rule.endpoint])(**req.view_args)
  File "D:\PythonProjects\Flask\Normal\MoviesProject\src\hollywood\horrormovies\horrorlist.py", line 11, in get_horror_movies
    print(StatisticsService.get_all_statistics())
TypeError: StatisticsService.get_all_statistics() missing 1 required positional argument: 'self'
INFO:werkzeug:127.0.0.1 - - [15/May/2023 17:35:07] "[35m[1mGET /list HTTP/1.1[0m" 500 -
INFO:werkzeug: * Detected change in 'D:\\PythonProjects\\Flask\\Normal\\MoviesProject\\src\\hollywood\\horrormovies\\horrorlist.py', reloading
INFO:werkzeug: * Restarting with stat
INFO:src.controllers.api:Blueprints added to the application
INFO:src.controllers.api:Blueprints added to the application
INFO:werkzeug: * Running on http://127.0.0.1:7554 (Press CTRL+C to quit)
INFO:werkzeug: * Restarting with stat
INFO:src.controllers.api:Blueprints added to the application
INFO:werkzeug:127.0.0.1 - - [15/May/2023 17:35:46] "GET /list HTTP/1.1" 200 -
INFO:werkzeug: * Detected change in 'D:\\PythonProjects\\Flask\\Normal\\MoviesProject\\src\\hollywood\\horrormovies\\horrorlist.py', reloading
INFO:werkzeug: * Restarting with stat
INFO:src.controllers.api:Blueprints added to the application
INFO:werkzeug:127.0.0.1 - - [15/May/2023 17:35:58] "GET /list HTTP/1.1" 200 -
INFO:werkzeug: * Detected change in 'D:\\PythonProjects\\Flask\\Normal\\MoviesProject\\src\\hollywood\\horrormovies\\horrorlist.py', reloading
INFO:werkzeug: * Restarting with stat
INFO:src.controllers.api:Blueprints added to the application
INFO:src.controllers.api:Blueprints added to the application
INFO:werkzeug: * Running on http://127.0.0.1:7554 (Press CTRL+C to quit)
INFO:werkzeug: * Restarting with stat
INFO:src.controllers.api:Blueprints added to the application
ERROR:src.controllers.api:Exception on /list [GET]
Traceback (most recent call last):
  File "C:\Users\ravip\AppData\Local\Programs\Python\Python310\lib\site-packages\flask\app.py", line 2077, in wsgi_app
    response = self.full_dispatch_request()
  File "C:\Users\ravip\AppData\Local\Programs\Python\Python310\lib\site-packages\flask\app.py", line 1525, in full_dispatch_request
    rv = self.handle_user_exception(e)
  File "C:\Users\ravip\AppData\Local\Programs\Python\Python310\lib\site-packages\flask\app.py", line 1523, in full_dispatch_request
    rv = self.dispatch_request()
  File "C:\Users\ravip\AppData\Local\Programs\Python\Python310\lib\site-packages\flask\app.py", line 1509, in dispatch_request
    return self.ensure_sync(self.view_functions[rule.endpoint])(**req.view_args)
  File "D:\PythonProjects\Flask\Normal\MoviesProject\src\hollywood\horrormovies\horrorlist.py", line 11, in get_horror_movies
    print(StatisticsService.get_all_statistics())
TypeError: StatisticsService.get_all_statistics() missing 1 required positional argument: 'self'
INFO:werkzeug:127.0.0.1 - - [15/May/2023 17:36:49] "[35m[1mGET /list HTTP/1.1[0m" 500 -
INFO:werkzeug: * Detected change in 'D:\\PythonProjects\\Flask\\Normal\\MoviesProject\\src\\hollywood\\horrormovies\\services\\horror_services.py', reloading
INFO:werkzeug: * Restarting with stat
INFO:src.controllers.api:Blueprints added to the application
ERROR:src.controllers.api:Exception on /list [GET]
Traceback (most recent call last):
  File "C:\Users\ravip\AppData\Local\Programs\Python\Python310\lib\site-packages\flask\app.py", line 2077, in wsgi_app
    response = self.full_dispatch_request()
  File "C:\Users\ravip\AppData\Local\Programs\Python\Python310\lib\site-packages\flask\app.py", line 1525, in full_dispatch_request
    rv = self.handle_user_exception(e)
  File "C:\Users\ravip\AppData\Local\Programs\Python\Python310\lib\site-packages\flask\app.py", line 1523, in full_dispatch_request
    rv = self.dispatch_request()
  File "C:\Users\ravip\AppData\Local\Programs\Python\Python310\lib\site-packages\flask\app.py", line 1509, in dispatch_request
    return self.ensure_sync(self.view_functions[rule.endpoint])(**req.view_args)
  File "D:\PythonProjects\Flask\Normal\MoviesProject\src\hollywood\horrormovies\horrorlist.py", line 11, in get_horror_movies
    print(StatisticsService.get_all_statistics())
TypeError: StatisticsService.get_all_statistics() missing 1 required positional argument: 'self'
INFO:werkzeug:127.0.0.1 - - [15/May/2023 17:37:25] "[35m[1mGET /list HTTP/1.1[0m" 500 -
INFO:werkzeug: * Detected change in 'D:\\PythonProjects\\Flask\\Normal\\MoviesProject\\src\\hollywood\\horrormovies\\services\\horror_services.py', reloading
INFO:werkzeug: * Restarting with stat
INFO:src.controllers.api:Blueprints added to the application
INFO:src.controllers.api:Blueprints added to the application
INFO:werkzeug: * Running on http://127.0.0.1:7554 (Press CTRL+C to quit)
INFO:werkzeug: * Restarting with stat
INFO:src.controllers.api:Blueprints added to the application
ERROR:src.controllers.api:Exception on /list [GET]
Traceback (most recent call last):
  File "C:\Users\ravip\AppData\Local\Programs\Python\Python310\lib\site-packages\flask\app.py", line 2077, in wsgi_app
    response = self.full_dispatch_request()
  File "C:\Users\ravip\AppData\Local\Programs\Python\Python310\lib\site-packages\flask\app.py", line 1525, in full_dispatch_request
    rv = self.handle_user_exception(e)
  File "C:\Users\ravip\AppData\Local\Programs\Python\Python310\lib\site-packages\flask\app.py", line 1523, in full_dispatch_request
    rv = self.dispatch_request()
  File "C:\Users\ravip\AppData\Local\Programs\Python\Python310\lib\site-packages\flask\app.py", line 1509, in dispatch_request
    return self.ensure_sync(self.view_functions[rule.endpoint])(**req.view_args)
  File "D:\PythonProjects\Flask\Normal\MoviesProject\src\hollywood\horrormovies\horrorlist.py", line 11, in get_horror_movies
    print(StatisticsService.get_all_statistics())
TypeError: StatisticsService.get_all_statistics() missing 1 required positional argument: 'self'
INFO:werkzeug:127.0.0.1 - - [15/May/2023 17:37:49] "[35m[1mGET /list HTTP/1.1[0m" 500 -
INFO:werkzeug: * Detected change in 'D:\\PythonProjects\\Flask\\Normal\\MoviesProject\\src\\hollywood\\horrormovies\\services\\horror_services.py', reloading
INFO:werkzeug: * Restarting with stat
INFO:src.controllers.api:Blueprints added to the application
INFO:werkzeug: * Detected change in 'D:\\PythonProjects\\Flask\\Normal\\MoviesProject\\src\\hollywood\\horrormovies\\services\\horror_services.py', reloading
INFO:werkzeug: * Restarting with stat
INFO:src.controllers.api:Blueprints added to the application
INFO:src.controllers.api:Blueprints added to the application
INFO:werkzeug: * Running on http://127.0.0.1:7554 (Press CTRL+C to quit)
INFO:werkzeug: * Restarting with stat
INFO:src.controllers.api:Blueprints added to the application
ERROR:src.controllers.api:Exception on /list [GET]
Traceback (most recent call last):
  File "C:\Users\ravip\AppData\Local\Programs\Python\Python310\lib\site-packages\flask\app.py", line 2077, in wsgi_app
    response = self.full_dispatch_request()
  File "C:\Users\ravip\AppData\Local\Programs\Python\Python310\lib\site-packages\flask\app.py", line 1525, in full_dispatch_request
    rv = self.handle_user_exception(e)
  File "C:\Users\ravip\AppData\Local\Programs\Python\Python310\lib\site-packages\flask\app.py", line 1523, in full_dispatch_request
    rv = self.dispatch_request()
  File "C:\Users\ravip\AppData\Local\Programs\Python\Python310\lib\site-packages\flask\app.py", line 1509, in dispatch_request
    return self.ensure_sync(self.view_functions[rule.endpoint])(**req.view_args)
  File "D:\PythonProjects\Flask\Normal\MoviesProject\src\hollywood\horrormovies\horrorlist.py", line 11, in get_horror_movies
    print(StatisticsService.get_all_statistics())
TypeError: StatisticsService.get_all_statistics() missing 1 required positional argument: 'self'
INFO:werkzeug:127.0.0.1 - - [15/May/2023 17:38:08] "[35m[1mGET /list HTTP/1.1[0m" 500 -
INFO:werkzeug: * Detected change in 'D:\\PythonProjects\\Flask\\Normal\\MoviesProject\\src\\hollywood\\horrormovies\\horrorlist.py', reloading
INFO:werkzeug: * Restarting with stat
INFO:src.controllers.api:Blueprints added to the application
INFO:werkzeug:127.0.0.1 - - [15/May/2023 17:40:10] "GET /list HTTP/1.1" 200 -
INFO:werkzeug: * Detected change in 'D:\\PythonProjects\\Flask\\Normal\\MoviesProject\\src\\hollywood\\horrormovies\\services\\horror_services.py', reloading
INFO:werkzeug: * Restarting with stat
INFO:src.controllers.api:Blueprints added to the application
INFO:werkzeug: * Detected change in 'D:\\PythonProjects\\Flask\\Normal\\MoviesProject\\src\\hollywood\\horrormovies\\horrorlist.py', reloading
INFO:werkzeug: * Restarting with stat
INFO:src.controllers.api:Blueprints added to the application
INFO:werkzeug: * Detected change in 'D:\\PythonProjects\\Flask\\Normal\\MoviesProject\\src\\hollywood\\horrormovies\\horrorlist.py', reloading
INFO:werkzeug: * Restarting with stat
INFO:src.controllers.api:Blueprints added to the application
INFO:src.controllers.api:Blueprints added to the application
INFO:werkzeug: * Running on http://127.0.0.1:7554 (Press CTRL+C to quit)
INFO:werkzeug: * Restarting with stat
INFO:src.controllers.api:Blueprints added to the application
ERROR:src.controllers.api:Exception on /list [GET]
Traceback (most recent call last):
  File "C:\Users\ravip\AppData\Local\Programs\Python\Python310\lib\site-packages\flask\app.py", line 2077, in wsgi_app
    response = self.full_dispatch_request()
  File "C:\Users\ravip\AppData\Local\Programs\Python\Python310\lib\site-packages\flask\app.py", line 1525, in full_dispatch_request
    rv = self.handle_user_exception(e)
  File "C:\Users\ravip\AppData\Local\Programs\Python\Python310\lib\site-packages\flask\app.py", line 1523, in full_dispatch_request
    rv = self.dispatch_request()
  File "C:\Users\ravip\AppData\Local\Programs\Python\Python310\lib\site-packages\flask\app.py", line 1509, in dispatch_request
    return self.ensure_sync(self.view_functions[rule.endpoint])(**req.view_args)
  File "D:\PythonProjects\Flask\Normal\MoviesProject\src\hollywood\horrormovies\horrorlist.py", line 11, in get_horror_movies
    print(StatisticsService.get_all_statistics())
TypeError: StatisticsService.get_all_statistics() missing 1 required positional argument: 'self'
INFO:werkzeug:127.0.0.1 - - [15/May/2023 17:45:05] "[35m[1mGET /list HTTP/1.1[0m" 500 -
INFO:werkzeug: * Detected change in 'D:\\PythonProjects\\Flask\\Normal\\MoviesProject\\src\\hollywood\\horrormovies\\horrorlist.py', reloading
INFO:werkzeug: * Restarting with stat
INFO:src.controllers.api:Blueprints added to the application
INFO:werkzeug:127.0.0.1 - - [15/May/2023 17:45:44] "GET /list HTTP/1.1" 200 -
INFO:src.controllers.api:Blueprints added to the application
INFO:werkzeug: * Running on http://127.0.0.1:7554 (Press CTRL+C to quit)
INFO:werkzeug: * Restarting with stat
INFO:src.controllers.api:Blueprints added to the application
INFO:werkzeug:127.0.0.1 - - [15/May/2023 17:46:11] "GET /list HTTP/1.1" 200 -
INFO:werkzeug:127.0.0.1 - - [15/May/2023 17:46:12] "GET /list HTTP/1.1" 200 -
INFO:werkzeug:127.0.0.1 - - [15/May/2023 17:46:12] "GET /list HTTP/1.1" 200 -
INFO:werkzeug:127.0.0.1 - - [15/May/2023 17:46:12] "GET /list HTTP/1.1" 200 -
INFO:werkzeug:127.0.0.1 - - [15/May/2023 17:46:13] "GET /list HTTP/1.1" 200 -
INFO:werkzeug: * Detected change in 'D:\\PythonProjects\\Flask\\Normal\\MoviesProject\\src\\hollywood\\horrormovies\\horrorlist.py', reloading
INFO:werkzeug: * Restarting with stat
INFO:src.controllers.api:Blueprints added to the application
INFO:werkzeug: * Detected change in 'D:\\PythonProjects\\Flask\\Normal\\MoviesProject\\src\\hollywood\\horrormovies\\horrorlist.py', reloading
INFO:werkzeug: * Restarting with stat
INFO:src.controllers.api:Blueprints added to the application
INFO:src.controllers.api:Blueprints added to the application
INFO:werkzeug: * Running on http://127.0.0.1:7554 (Press CTRL+C to quit)
INFO:werkzeug: * Restarting with stat
INFO:src.controllers.api:Blueprints added to the application
INFO:werkzeug:127.0.0.1 - - [15/May/2023 17:47:23] "GET /list HTTP/1.1" 200 -
INFO:werkzeug: * Detected change in 'D:\\PythonProjects\\Flask\\Normal\\MoviesProject\\src\\presistance\\database_interface.py', reloading
INFO:werkzeug: * Restarting with stat
INFO:src.controllers.api:Blueprints added to the application
INFO:werkzeug: * Running on http://127.0.0.1:7554 (Press CTRL+C to quit)
INFO:werkzeug: * Restarting with stat
INFO:src.controllers.api:Blueprints added to the application
INFO:werkzeug:127.0.0.1 - - [15/May/2023 17:51:05] "GET /list HTTP/1.1" 200 -
INFO:werkzeug: * Detected change in 'D:\\PythonProjects\\Flask\\Normal\\MoviesProject\\src\\presistance\\postgres_database.py', reloading
INFO:werkzeug: * Restarting with stat
INFO:src.controllers.api:Blueprints added to the application
INFO:werkzeug: * Detected change in 'D:\\PythonProjects\\Flask\\Normal\\MoviesProject\\src\\presistance\\postgres_database.py', reloading
INFO:werkzeug: * Restarting with stat
INFO:src.controllers.api:Blueprints added to the application
INFO:werkzeug: * Detected change in 'D:\\PythonProjects\\Flask\\Normal\\MoviesProject\\src\\presistance\\postgres_database.py', reloading
INFO:werkzeug: * Restarting with stat
INFO:src.controllers.api:Blueprints added to the application
INFO:werkzeug: * Detected change in 'D:\\PythonProjects\\Flask\\Normal\\MoviesProject\\src\\presistance\\postgres_database.py', reloading
INFO:werkzeug: * Restarting with stat
INFO:src.controllers.api:Blueprints added to the application
INFO:werkzeug: * Running on http://127.0.0.1:7554 (Press CTRL+C to quit)
INFO:werkzeug: * Restarting with stat
INFO:src.controllers.api:Blueprints added to the application
INFO:werkzeug:127.0.0.1 - - [15/May/2023 17:53:00] "GET /list HTTP/1.1" 200 -
INFO:werkzeug:127.0.0.1 - - [15/May/2023 17:53:01] "GET /list HTTP/1.1" 200 -
INFO:werkzeug:127.0.0.1 - - [15/May/2023 17:53:02] "GET /list HTTP/1.1" 200 -
INFO:werkzeug: * Detected change in 'D:\\PythonProjects\\Flask\\Normal\\MoviesProject\\src\\hollywood\\horrormovies\\repos\\horror_repo.py', reloading
INFO:werkzeug: * Restarting with stat
INFO:src.controllers.api:Blueprints added to the application
INFO:src.controllers.api:Blueprints added to the application
INFO:werkzeug: * Running on http://127.0.0.1:7554 (Press CTRL+C to quit)
INFO:werkzeug: * Restarting with stat
INFO:src.controllers.api:Blueprints added to the application
INFO:werkzeug:127.0.0.1 - - [15/May/2023 17:54:20] "GET /list HTTP/1.1" 200 -
INFO:src.controllers.api:Blueprints added to the application
INFO:werkzeug: * Running on http://127.0.0.1:7554 (Press CTRL+C to quit)
INFO:werkzeug: * Restarting with stat
INFO:src.controllers.api:Blueprints added to the application
INFO:werkzeug:127.0.0.1 - - [15/May/2023 18:04:45] "GET /list HTTP/1.1" 200 -
INFO:werkzeug: * Detected change in 'D:\\PythonProjects\\Flask\\Normal\\MoviesProject\\src\\presistance\\postgres_database.py', reloading
INFO:werkzeug: * Restarting with stat
INFO:src.controllers.api:Blueprints added to the application
INFO:werkzeug:127.0.0.1 - - [15/May/2023 18:06:37] "GET /list HTTP/1.1" 200 -
INFO:werkzeug: * Detected change in 'D:\\PythonProjects\\Flask\\Normal\\MoviesProject\\src\\presistance\\postgres_database.py', reloading
INFO:werkzeug: * Restarting with stat
INFO:src.controllers.api:Blueprints added to the application
INFO:werkzeug: * Detected change in 'D:\\PythonProjects\\Flask\\Normal\\MoviesProject\\src\\hollywood\\horrormovies\\horrorlist.py', reloading
INFO:werkzeug: * Restarting with stat
INFO:src.controllers.api:Blueprints added to the application
INFO:werkzeug: * Detected change in 'D:\\PythonProjects\\Flask\\Normal\\MoviesProject\\src\\hollywood\\horrormovies\\horrorlist.py', reloading
INFO:werkzeug: * Restarting with stat
INFO:src.controllers.api:Blueprints added to the application
INFO:src.controllers.api:Blueprints added to the application
INFO:werkzeug: * Running on http://127.0.0.1:7554 (Press CTRL+C to quit)
INFO:werkzeug: * Restarting with stat
INFO:src.controllers.api:Blueprints added to the application
INFO:werkzeug:127.0.0.1 - - [15/May/2023 18:07:26] "GET /list HTTP/1.1" 200 -
INFO:werkzeug: * Detected change in 'D:\\PythonProjects\\Flask\\Normal\\MoviesProject\\src\\hollywood\\horrormovies\\horrorlist.py', reloading
INFO:werkzeug: * Restarting with stat
INFO:src.controllers.api:Blueprints added to the application
INFO:werkzeug: * Detected change in 'D:\\PythonProjects\\Flask\\Normal\\MoviesProject\\src\\hollywood\\horrormovies\\horrorlist.py', reloading
INFO:werkzeug: * Restarting with stat
INFO:src.controllers.api:Blueprints added to the application
INFO:src.controllers.api:Blueprints added to the application
INFO:werkzeug: * Running on http://127.0.0.1:7554 (Press CTRL+C to quit)
INFO:werkzeug: * Restarting with stat
INFO:src.controllers.api:Blueprints added to the application
INFO:werkzeug:127.0.0.1 - - [15/May/2023 18:08:48] "GET /list HTTP/1.1" 200 -
INFO:werkzeug:127.0.0.1 - - [15/May/2023 18:08:50] "GET /list HTTP/1.1" 200 -
INFO:werkzeug:127.0.0.1 - - [15/May/2023 18:08:51] "GET /list HTTP/1.1" 200 -
INFO:werkzeug: * Detected change in 'D:\\PythonProjects\\Flask\\Normal\\MoviesProject\\src\\hollywood\\horrormovies\\horrorlist.py', reloading
INFO:werkzeug: * Restarting with stat
INFO:src.controllers.api:Blueprints added to the application
INFO:werkzeug:127.0.0.1 - - [15/May/2023 18:10:10] "GET /list HTTP/1.1" 200 -
INFO:werkzeug: * Detected change in 'D:\\PythonProjects\\Flask\\Normal\\MoviesProject\\src\\hollywood\\horrormovies\\horrorlist.py', reloading
INFO:werkzeug: * Restarting with stat
INFO:src.controllers.api:Blueprints added to the application
INFO:werkzeug:127.0.0.1 - - [15/May/2023 18:10:31] "GET /list HTTP/1.1" 200 -
INFO:src.controllers.api:Blueprints added to the application
INFO:werkzeug: * Running on http://127.0.0.1:7554 (Press CTRL+C to quit)
INFO:werkzeug: * Restarting with stat
INFO:src.controllers.api:Blueprints added to the application
INFO:werkzeug:127.0.0.1 - - [15/May/2023 18:10:55] "GET /list HTTP/1.1" 200 -
INFO:werkzeug: * Detected change in 'D:\\PythonProjects\\Flask\\Normal\\MoviesProject\\src\\hollywood\\horrormovies\\horrorlist.py', reloading
INFO:werkzeug: * Restarting with stat
INFO:src.controllers.api:Blueprints added to the application
INFO:werkzeug:127.0.0.1 - - [15/May/2023 18:11:24] "GET /list HTTP/1.1" 200 -
INFO:werkzeug: * Detected change in 'D:\\PythonProjects\\Flask\\Normal\\MoviesProject\\src\\hollywood\\horrormovies\\repos\\horror_repo.py', reloading
INFO:werkzeug: * Restarting with stat
INFO:src.controllers.api:Blueprints added to the application
INFO:werkzeug: * Running on http://127.0.0.1:7554 (Press CTRL+C to quit)
INFO:werkzeug: * Restarting with stat
INFO:src.controllers.api:Blueprints added to the application
INFO:werkzeug:127.0.0.1 - - [15/May/2023 18:14:53] "GET /list HTTP/1.1" 200 -
INFO:werkzeug: * Detected change in 'D:\\PythonProjects\\Flask\\Normal\\MoviesProject\\src\\hollywood\\horrormovies\\repos\\horror_repo.py', reloading
INFO:werkzeug: * Restarting with stat
INFO:src.controllers.api:Blueprints added to the application
INFO:werkzeug: * Detected change in 'D:\\PythonProjects\\Flask\\Normal\\MoviesProject\\src\\hollywood\\horrormovies\\repos\\horror_repo.py', reloading
INFO:werkzeug: * Restarting with stat
